<?xml version="1.0" encoding="UTF-8" standalone="yes"?><!DOCTYPE report PUBLIC "-//JACOCO//DTD Report 1.1//EN" "report.dtd"><report name="HikeOn"><sessioninfo id="DESKTOP-R12OH0V-769d52b9" start="1705125938753" dump="1705125949181"/><package name="com/example/HIkeOn/model"><class name="com/example/HIkeOn/model/CustomerGroup" sourcefilename="CustomerGroup.java"><method name="&lt;clinit&gt;" desc="()V" line="3"><counter type="INSTRUCTION" missed="0" covered="44"/><counter type="LINE" missed="0" covered="2"/><counter type="COMPLEXITY" missed="0" covered="1"/><counter type="METHOD" missed="0" covered="1"/></method><counter type="INSTRUCTION" missed="0" covered="44"/><counter type="LINE" missed="0" covered="2"/><counter type="COMPLEXITY" missed="0" covered="1"/><counter type="METHOD" missed="0" covered="1"/><counter type="CLASS" missed="0" covered="1"/></class><class name="com/example/HIkeOn/model/Occupation" sourcefilename="Occupation.java"><method name="&lt;clinit&gt;" desc="()V" line="3"><counter type="INSTRUCTION" missed="0" covered="54"/><counter type="LINE" missed="0" covered="2"/><counter type="COMPLEXITY" missed="0" covered="1"/><counter type="METHOD" missed="0" covered="1"/></method><counter type="INSTRUCTION" missed="0" covered="54"/><counter type="LINE" missed="0" covered="2"/><counter type="COMPLEXITY" missed="0" covered="1"/><counter type="METHOD" missed="0" covered="1"/><counter type="CLASS" missed="0" covered="1"/></class><class name="com/example/HIkeOn/model/Customer" sourcefilename="Customer.java"><method name="&lt;init&gt;" desc="()V" line="34"><counter type="INSTRUCTION" missed="3" covered="0"/><counter type="LINE" missed="2" covered="0"/><counter type="COMPLEXITY" missed="1" covered="0"/><counter type="METHOD" missed="1" covered="0"/></method><method name="&lt;init&gt;" desc="(Ljava/lang/String;Ljava/lang/String;Ljava/time/LocalDate;Lcom/example/HIkeOn/model/Occupation;)V" line="37"><counter type="INSTRUCTION" missed="0" covered="15"/><counter type="LINE" missed="0" covered="6"/><counter type="COMPLEXITY" missed="0" covered="1"/><counter type="METHOD" missed="0" covered="1"/></method><method name="equals" desc="(Ljava/lang/Object;)Z" line="50"><counter type="INSTRUCTION" missed="23" covered="0"/><counter type="BRANCH" missed="6" covered="0"/><counter type="LINE" missed="4" covered="0"/><counter type="COMPLEXITY" missed="4" covered="0"/><counter type="METHOD" missed="1" covered="0"/></method><method name="hashCode" desc="()I" line="58"><counter type="INSTRUCTION" missed="9" covered="0"/><counter type="LINE" missed="1" covered="0"/><counter type="COMPLEXITY" missed="1" covered="0"/><counter type="METHOD" missed="1" covered="0"/></method><method name="getId" desc="()Ljava/lang/Long;" line="62"><counter type="INSTRUCTION" missed="3" covered="0"/><counter type="LINE" missed="1" covered="0"/><counter type="COMPLEXITY" missed="1" covered="0"/><counter type="METHOD" missed="1" covered="0"/></method><method name="setId" desc="(Ljava/lang/Long;)V" line="66"><counter type="INSTRUCTION" missed="4" covered="0"/><counter type="LINE" missed="2" covered="0"/><counter type="COMPLEXITY" missed="1" covered="0"/><counter type="METHOD" missed="1" covered="0"/></method><method name="getName" desc="()Ljava/lang/String;" line="70"><counter type="INSTRUCTION" missed="0" covered="3"/><counter type="LINE" missed="0" covered="1"/><counter type="COMPLEXITY" missed="0" covered="1"/><counter type="METHOD" missed="0" covered="1"/></method><method name="setName" desc="(Ljava/lang/String;)V" line="74"><counter type="INSTRUCTION" missed="4" covered="0"/><counter type="LINE" missed="2" covered="0"/><counter type="COMPLEXITY" missed="1" covered="0"/><counter type="METHOD" missed="1" covered="0"/></method><method name="getEmail" desc="()Ljava/lang/String;" line="78"><counter type="INSTRUCTION" missed="0" covered="3"/><counter type="LINE" missed="0" covered="1"/><counter type="COMPLEXITY" missed="0" covered="1"/><counter type="METHOD" missed="0" covered="1"/></method><method name="setEmail" desc="(Ljava/lang/String;)V" line="82"><counter type="INSTRUCTION" missed="4" covered="0"/><counter type="LINE" missed="2" covered="0"/><counter type="COMPLEXITY" missed="1" covered="0"/><counter type="METHOD" missed="1" covered="0"/></method><method name="getDob" desc="()Ljava/time/LocalDate;" line="86"><counter type="INSTRUCTION" missed="0" covered="3"/><counter type="LINE" missed="0" covered="1"/><counter type="COMPLEXITY" missed="0" covered="1"/><counter type="METHOD" missed="0" covered="1"/></method><method name="setDob" desc="(Ljava/time/LocalDate;)V" line="90"><counter type="INSTRUCTION" missed="4" covered="0"/><counter type="LINE" missed="2" covered="0"/><counter type="COMPLEXITY" missed="1" covered="0"/><counter type="METHOD" missed="1" covered="0"/></method><method name="getOccupation" desc="()Lcom/example/HIkeOn/model/Occupation;" line="94"><counter type="INSTRUCTION" missed="0" covered="3"/><counter type="LINE" missed="0" covered="1"/><counter type="COMPLEXITY" missed="0" covered="1"/><counter type="METHOD" missed="0" covered="1"/></method><method name="setOccupation" desc="(Lcom/example/HIkeOn/model/Occupation;)V" line="98"><counter type="INSTRUCTION" missed="4" covered="0"/><counter type="LINE" missed="2" covered="0"/><counter type="COMPLEXITY" missed="1" covered="0"/><counter type="METHOD" missed="1" covered="0"/></method><method name="getCustomerGroup" desc="()Lcom/example/HIkeOn/model/CustomerGroup;" line="102"><counter type="INSTRUCTION" missed="0" covered="3"/><counter type="LINE" missed="0" covered="1"/><counter type="COMPLEXITY" missed="0" covered="1"/><counter type="METHOD" missed="0" covered="1"/></method><method name="setCustomerGroup" desc="(Lcom/example/HIkeOn/model/CustomerGroup;)V" line="106"><counter type="INSTRUCTION" missed="0" covered="4"/><counter type="LINE" missed="0" covered="2"/><counter type="COMPLEXITY" missed="0" covered="1"/><counter type="METHOD" missed="0" covered="1"/></method><counter type="INSTRUCTION" missed="58" covered="34"/><counter type="BRANCH" missed="6" covered="0"/><counter type="LINE" missed="18" covered="13"/><counter type="COMPLEXITY" missed="12" covered="7"/><counter type="METHOD" missed="9" covered="7"/><counter type="CLASS" missed="0" covered="1"/></class><sourcefile name="Occupation.java"><line nr="3" mi="0" ci="24" mb="0" cb="0"/><line nr="4" mi="0" ci="30" mb="0" cb="0"/><counter type="INSTRUCTION" missed="0" covered="54"/><counter type="LINE" missed="0" covered="2"/><counter type="COMPLEXITY" missed="0" covered="1"/><counter type="METHOD" missed="0" covered="1"/><counter type="CLASS" missed="0" covered="1"/></sourcefile><sourcefile name="Customer.java"><line nr="34" mi="2" ci="0" mb="0" cb="0"/><line nr="35" mi="1" ci="0" mb="0" cb="0"/><line nr="37" mi="0" ci="2" mb="0" cb="0"/><line nr="38" mi="0" ci="3" mb="0" cb="0"/><line nr="39" mi="0" ci="3" mb="0" cb="0"/><line nr="40" mi="0" ci="3" mb="0" cb="0"/><line nr="41" mi="0" ci="3" mb="0" cb="0"/><line nr="42" mi="0" ci="1" mb="0" cb="0"/><line nr="50" mi="5" ci="0" mb="2" cb="0"/><line nr="51" mi="9" ci="0" mb="4" cb="0"/><line nr="52" mi="3" ci="0" mb="0" cb="0"/><line nr="53" mi="6" ci="0" mb="0" cb="0"/><line nr="58" mi="9" ci="0" mb="0" cb="0"/><line nr="62" mi="3" ci="0" mb="0" cb="0"/><line nr="66" mi="3" ci="0" mb="0" cb="0"/><line nr="67" mi="1" ci="0" mb="0" cb="0"/><line nr="70" mi="0" ci="3" mb="0" cb="0"/><line nr="74" mi="3" ci="0" mb="0" cb="0"/><line nr="75" mi="1" ci="0" mb="0" cb="0"/><line nr="78" mi="0" ci="3" mb="0" cb="0"/><line nr="82" mi="3" ci="0" mb="0" cb="0"/><line nr="83" mi="1" ci="0" mb="0" cb="0"/><line nr="86" mi="0" ci="3" mb="0" cb="0"/><line nr="90" mi="3" ci="0" mb="0" cb="0"/><line nr="91" mi="1" ci="0" mb="0" cb="0"/><line nr="94" mi="0" ci="3" mb="0" cb="0"/><line nr="98" mi="3" ci="0" mb="0" cb="0"/><line nr="99" mi="1" ci="0" mb="0" cb="0"/><line nr="102" mi="0" ci="3" mb="0" cb="0"/><line nr="106" mi="0" ci="3" mb="0" cb="0"/><line nr="107" mi="0" ci="1" mb="0" cb="0"/><counter type="INSTRUCTION" missed="58" covered="34"/><counter type="BRANCH" missed="6" covered="0"/><counter type="LINE" missed="18" covered="13"/><counter type="COMPLEXITY" missed="12" covered="7"/><counter type="METHOD" missed="9" covered="7"/><counter type="CLASS" missed="0" covered="1"/></sourcefile><sourcefile name="CustomerGroup.java"><line nr="3" mi="0" ci="20" mb="0" cb="0"/><line nr="4" mi="0" ci="24" mb="0" cb="0"/><counter type="INSTRUCTION" missed="0" covered="44"/><counter type="LINE" missed="0" covered="2"/><counter type="COMPLEXITY" missed="0" covered="1"/><counter type="METHOD" missed="0" covered="1"/><counter type="CLASS" missed="0" covered="1"/></sourcefile><counter type="INSTRUCTION" missed="58" covered="132"/><counter type="BRANCH" missed="6" covered="0"/><counter type="LINE" missed="18" covered="17"/><counter type="COMPLEXITY" missed="12" covered="9"/><counter type="METHOD" missed="9" covered="9"/><counter type="CLASS" missed="0" covered="3"/></package><package name="com/example/HIkeOn/controller"><class name="com/example/HIkeOn/controller/CustomerController" sourcefilename="CustomerController.java"><method name="&lt;init&gt;" desc="()V" line="14"><counter type="INSTRUCTION" missed="3" covered="0"/><counter type="LINE" missed="1" covered="0"/><counter type="COMPLEXITY" missed="1" covered="0"/><counter type="METHOD" missed="1" covered="0"/></method><method name="saveCustomer" desc="(Lcom/example/HIkeOn/model/Customer;)Lorg/springframework/http/ResponseEntity;" line="22"><counter type="INSTRUCTION" missed="11" covered="0"/><counter type="LINE" missed="2" covered="0"/><counter type="COMPLEXITY" missed="1" covered="0"/><counter type="METHOD" missed="1" covered="0"/></method><method name="getAllCustomers" desc="()Lorg/springframework/http/ResponseEntity;" line="28"><counter type="INSTRUCTION" missed="10" covered="0"/><counter type="LINE" missed="2" covered="0"/><counter type="COMPLEXITY" missed="1" covered="0"/><counter type="METHOD" missed="1" covered="0"/></method><counter type="INSTRUCTION" missed="24" covered="0"/><counter type="LINE" missed="5" covered="0"/><counter type="COMPLEXITY" missed="3" covered="0"/><counter type="METHOD" missed="3" covered="0"/><counter type="CLASS" missed="1" covered="0"/></class><sourcefile name="CustomerController.java"><line nr="14" mi="3" ci="0" mb="0" cb="0"/><line nr="22" mi="5" ci="0" mb="0" cb="0"/><line nr="23" mi="6" ci="0" mb="0" cb="0"/><line nr="28" mi="4" ci="0" mb="0" cb="0"/><line nr="29" mi="6" ci="0" mb="0" cb="0"/><counter type="INSTRUCTION" missed="24" covered="0"/><counter type="LINE" missed="5" covered="0"/><counter type="COMPLEXITY" missed="3" covered="0"/><counter type="METHOD" missed="3" covered="0"/><counter type="CLASS" missed="1" covered="0"/></sourcefile><counter type="INSTRUCTION" missed="24" covered="0"/><counter type="LINE" missed="5" covered="0"/><counter type="COMPLEXITY" missed="3" covered="0"/><counter type="METHOD" missed="3" covered="0"/><counter type="CLASS" missed="1" covered="0"/></package><package name="com/example/HIkeOn/services"><class name="com/example/HIkeOn/services/CustomerService" sourcefilename="CustomerService.java"/><class name="com/example/HIkeOn/services/CustomerServiceImpl" sourcefilename="CustomerServiceImpl.java"><method name="&lt;init&gt;" desc="()V" line="15"><counter type="INSTRUCTION" missed="0" covered="3"/><counter type="LINE" missed="0" covered="1"/><counter type="COMPLEXITY" missed="0" covered="1"/><counter type="METHOD" missed="0" covered="1"/></method><method name="saveCustomer" desc="(Lcom/example/HIkeOn/model/Customer;)Lcom/example/HIkeOn/model/Customer;" line="23"><counter type="INSTRUCTION" missed="15" covered="32"/><counter type="BRANCH" missed="4" covered="4"/><counter type="LINE" missed="4" covered="8"/><counter type="COMPLEXITY" missed="3" covered="2"/><counter type="METHOD" missed="0" covered="1"/></method><method name="isBelow18" desc="(Ljava/time/LocalDate;)Z" line="47"><counter type="INSTRUCTION" missed="0" covered="12"/><counter type="BRANCH" missed="0" covered="2"/><counter type="LINE" missed="0" covered="2"/><counter type="COMPLEXITY" missed="0" covered="2"/><counter type="METHOD" missed="0" covered="1"/></method><method name="validateUniqueness" desc="(Lcom/example/HIkeOn/model/Customer;)V" line="54"><counter type="INSTRUCTION" missed="5" covered="22"/><counter type="BRANCH" missed="1" covered="3"/><counter type="LINE" missed="1" covered="5"/><counter type="COMPLEXITY" missed="1" covered="2"/><counter type="METHOD" missed="0" covered="1"/></method><method name="getAllCustomers" desc="()Ljava/util/List;" line="67"><counter type="INSTRUCTION" missed="0" covered="4"/><counter type="LINE" missed="0" covered="1"/><counter type="COMPLEXITY" missed="0" covered="1"/><counter type="METHOD" missed="0" covered="1"/></method><counter type="INSTRUCTION" missed="20" covered="73"/><counter type="BRANCH" missed="5" covered="9"/><counter type="LINE" missed="5" covered="17"/><counter type="COMPLEXITY" missed="4" covered="8"/><counter type="METHOD" missed="0" covered="5"/><counter type="CLASS" missed="0" covered="1"/></class><sourcefile name="CustomerService.java"/><sourcefile name="CustomerServiceImpl.java"><line nr="15" mi="0" ci="3" mb="0" cb="0"/><line nr="23" mi="0" ci="5" mb="0" cb="2"/><line nr="24" mi="0" ci="5" mb="0" cb="0"/><line nr="28" mi="0" ci="5" mb="1" cb="1"/><line nr="29" mi="3" ci="0" mb="0" cb="0"/><line nr="30" mi="1" ci="4" mb="1" cb="1"/><line nr="31" mi="0" ci="3" mb="0" cb="0"/><line nr="32" mi="4" ci="1" mb="2" cb="0"/><line nr="33" mi="3" ci="0" mb="0" cb="0"/><line nr="34" mi="1" ci="0" mb="0" cb="0"/><line nr="36" mi="3" ci="0" mb="0" cb="0"/><line nr="40" mi="0" ci="3" mb="0" cb="0"/><line nr="43" mi="0" ci="6" mb="0" cb="0"/><line nr="47" mi="0" ci="2" mb="0" cb="0"/><line nr="48" mi="0" ci="10" mb="0" cb="2"/><line nr="54" mi="0" ci="6" mb="0" cb="2"/><line nr="55" mi="0" ci="5" mb="0" cb="0"/><line nr="59" mi="0" ci="3" mb="0" cb="0"/><line nr="60" mi="0" ci="7" mb="1" cb="1"/><line nr="61" mi="5" ci="0" mb="0" cb="0"/><line nr="63" mi="0" ci="1" mb="0" cb="0"/><line nr="67" mi="0" ci="4" mb="0" cb="0"/><counter type="INSTRUCTION" missed="20" covered="73"/><counter type="BRANCH" missed="5" covered="9"/><counter type="LINE" missed="5" covered="17"/><counter type="COMPLEXITY" missed="4" covered="8"/><counter type="METHOD" missed="0" covered="5"/><counter type="CLASS" missed="0" covered="1"/></sourcefile><counter type="INSTRUCTION" missed="20" covered="73"/><counter type="BRANCH" missed="5" covered="9"/><counter type="LINE" missed="5" covered="17"/><counter type="COMPLEXITY" missed="4" covered="8"/><counter type="METHOD" missed="0" covered="5"/><counter type="CLASS" missed="0" covered="1"/></package><package name="com/example/HIkeOn/repository"><class name="com/example/HIkeOn/repository/CustomerRepository" sourcefilename="CustomerRepository.java"/><sourcefile name="CustomerRepository.java"/></package><package name="com/example/HIkeOn"><class name="com/example/HIkeOn/HikeOnApplication" sourcefilename="HikeOnApplication.java"><method name="&lt;init&gt;" desc="()V" line="7"><counter type="INSTRUCTION" missed="3" covered="0"/><counter type="LINE" missed="1" covered="0"/><counter type="COMPLEXITY" missed="1" covered="0"/><counter type="METHOD" missed="1" covered="0"/></method><method name="main" desc="([Ljava/lang/String;)V" line="10"><counter type="INSTRUCTION" missed="5" covered="0"/><counter type="LINE" missed="2" covered="0"/><counter type="COMPLEXITY" missed="1" covered="0"/><counter type="METHOD" missed="1" covered="0"/></method><counter type="INSTRUCTION" missed="8" covered="0"/><counter type="LINE" missed="3" covered="0"/><counter type="COMPLEXITY" missed="2" covered="0"/><counter type="METHOD" missed="2" covered="0"/><counter type="CLASS" missed="1" covered="0"/></class><sourcefile name="HikeOnApplication.java"><line nr="7" mi="3" ci="0" mb="0" cb="0"/><line nr="10" mi="4" ci="0" mb="0" cb="0"/><line nr="11" mi="1" ci="0" mb="0" cb="0"/><counter type="INSTRUCTION" missed="8" covered="0"/><counter type="LINE" missed="3" covered="0"/><counter type="COMPLEXITY" missed="2" covered="0"/><counter type="METHOD" missed="2" covered="0"/><counter type="CLASS" missed="1" covered="0"/></sourcefile><counter type="INSTRUCTION" missed="8" covered="0"/><counter type="LINE" missed="3" covered="0"/><counter type="COMPLEXITY" missed="2" covered="0"/><counter type="METHOD" missed="2" covered="0"/><counter type="CLASS" missed="1" covered="0"/></package><counter type="INSTRUCTION" missed="110" covered="205"/><counter type="BRANCH" missed="11" covered="9"/><counter type="LINE" missed="31" covered="34"/><counter type="COMPLEXITY" missed="21" covered="17"/><counter type="METHOD" missed="14" covered="14"/><counter type="CLASS" missed="2" covered="4"/></report>